<?xml version="1.0" encoding="utf-8"?><testsuites name="pytest tests"><testsuite name="pytest" errors="0" failures="1" skipped="0" tests="11" time="30.257" timestamp="2026-05-19T01:45:49.548664+00:00" hostname="agent-env-084707a8-57c5-4d16-a31c-9f926ee486ae"><testcase classname="backend.tests.test_iteration2" name="test_health" time="0.240" /><testcase classname="backend.tests.test_iteration2" name="test_chat_response_completes" time="4.953" /><testcase classname="backend.tests.test_iteration2" name="test_regen_attempt_1" time="3.371" /><testcase classname="backend.tests.test_iteration2" name="test_regen_attempt_3_differs" time="7.111" /><testcase classname="backend.tests.test_iteration2" name="test_chat_continue" time="2.894"><failure message="AssertionError: assert 0 &gt; 5&#10; +  where 0 = len('')">backend/tests/test_iteration2.py:133: in test_chat_continue
    assert len(cont) &gt; 5
E   AssertionError: assert 0 &gt; 5
E    +  where 0 = len('')</failure></testcase><testcase classname="backend.tests.test_iteration2" name="test_summarize_recent_weighted" time="4.513" /><testcase classname="backend.tests.test_iteration2" name="test_extract_memories_dedupe" time="1.430" /><testcase classname="backend.tests.test_iteration2" name="test_extract_memories_new" time="1.899" /><testcase classname="backend.tests.test_iteration2" name="test_emotion_state_shape" time="1.773" /><testcase classname="backend.tests.test_iteration2" name="test_emotion_state_moves_for_intimacy" time="1.940" /><testcase classname="backend.tests.test_iteration2" name="test_emotion_invalid_payload" time="0.051" /></testsuite></testsuites>