<?xml version="1.0" encoding="utf-8"?><testsuites name="pytest tests"><testsuite name="pytest" errors="0" failures="0" skipped="0" tests="11" time="26.123" timestamp="2026-05-19T03:04:50.524318+00:00" hostname="agent-env-084707a8-57c5-4d16-a31c-9f926ee486ae"><testcase classname="backend.tests.test_iteration3" name="test_health" time="0.179" /><testcase classname="backend.tests.test_iteration3" name="test_chat_basic" time="4.633" /><testcase classname="backend.tests.test_iteration3" name="test_chat_malformed_returns_422" time="0.114" /><testcase classname="backend.tests.test_iteration3" name="test_chat_regenerate" time="3.196" /><testcase classname="backend.tests.test_iteration3" name="test_chat_continue" time="1.435" /><testcase classname="backend.tests.test_iteration3" name="test_summarize" time="12.605" /><testcase classname="backend.tests.test_iteration3" name="test_extract_memories" time="1.351" /><testcase classname="backend.tests.test_iteration3" name="test_emotion" time="1.336" /><testcase classname="backend.tests.test_iteration3" name="test_stream_content_type_and_deltas" time="1.078" /><testcase classname="backend.tests.test_iteration3" name="test_cors_github_io_preflight" time="0.070" /><testcase classname="backend.tests.test_iteration3" name="test_cors_localhost_preflight" time="0.066" /></testsuite></testsuites>