<?xml version="1.0" encoding="utf-8"?><testsuites name="pytest tests"><testsuite name="pytest" errors="0" failures="0" skipped="0" tests="8" time="9.757" timestamp="2026-05-18T23:22:15.093189+00:00" hostname="agent-env-084707a8-57c5-4d16-a31c-9f926ee486ae"><testcase classname="backend.tests.test_deepseek_proxy" name="test_health" time="0.260" /><testcase classname="backend.tests.test_deepseek_proxy" name="test_root" time="0.047" /><testcase classname="backend.tests.test_deepseek_proxy" name="test_chat_basic" time="1.826" /><testcase classname="backend.tests.test_deepseek_proxy" name="test_chat_invalid_payload" time="0.056" /><testcase classname="backend.tests.test_deepseek_proxy" name="test_chat_regenerate_differs" time="2.534" /><testcase classname="backend.tests.test_deepseek_proxy" name="test_chat_summarize" time="2.189" /><testcase classname="backend.tests.test_deepseek_proxy" name="test_extract_memories" time="1.577" /><testcase classname="backend.tests.test_deepseek_proxy" name="test_extract_memories_dedup" time="1.127" /></testsuite></testsuites>